2019-05-15 16:53:48  [ AWT-EventQueue-0:0 ] - [ INFO ]  读取src\circularOrbit\test\AtomicStructure.txt文件
2019-05-15 16:53:48  [ AWT-EventQueue-0:4 ] - [ INFO ]  向1号轨道添加1号电子
2019-05-15 16:53:48  [ AWT-EventQueue-0:4 ] - [ INFO ]  向1号轨道添加2号电子
2019-05-15 16:53:48  [ AWT-EventQueue-0:4 ] - [ INFO ]  向2号轨道添加3号电子
2019-05-15 16:53:48  [ AWT-EventQueue-0:4 ] - [ INFO ]  向2号轨道添加4号电子
2019-05-15 16:53:48  [ AWT-EventQueue-0:4 ] - [ INFO ]  向2号轨道添加5号电子
2019-05-15 16:53:48  [ AWT-EventQueue-0:4 ] - [ INFO ]  向2号轨道添加6号电子
2019-05-15 16:53:48  [ AWT-EventQueue-0:4 ] - [ INFO ]  向2号轨道添加7号电子
2019-05-15 16:53:48  [ AWT-EventQueue-0:5 ] - [ INFO ]  向2号轨道添加8号电子
2019-05-15 16:53:48  [ AWT-EventQueue-0:5 ] - [ INFO ]  向2号轨道添加9号电子
2019-05-15 16:53:48  [ AWT-EventQueue-0:5 ] - [ INFO ]  向2号轨道添加10号电子
2019-05-15 16:53:48  [ AWT-EventQueue-0:5 ] - [ INFO ]  向3号轨道添加11号电子
2019-05-15 16:53:48  [ AWT-EventQueue-0:5 ] - [ INFO ]  向3号轨道添加12号电子
2019-05-15 16:53:48  [ AWT-EventQueue-0:5 ] - [ INFO ]  向3号轨道添加13号电子
2019-05-15 16:53:48  [ AWT-EventQueue-0:5 ] - [ INFO ]  向3号轨道添加14号电子
2019-05-15 16:53:48  [ AWT-EventQueue-0:5 ] - [ INFO ]  向3号轨道添加15号电子
2019-05-15 16:53:48  [ AWT-EventQueue-0:5 ] - [ INFO ]  向3号轨道添加16号电子
2019-05-15 16:53:48  [ AWT-EventQueue-0:5 ] - [ INFO ]  向3号轨道添加17号电子
2019-05-15 16:53:48  [ AWT-EventQueue-0:5 ] - [ INFO ]  向3号轨道添加18号电子
2019-05-15 16:53:48  [ AWT-EventQueue-0:5 ] - [ INFO ]  向3号轨道添加19号电子
2019-05-15 16:53:48  [ AWT-EventQueue-0:5 ] - [ INFO ]  向3号轨道添加20号电子
2019-05-15 16:53:48  [ AWT-EventQueue-0:5 ] - [ INFO ]  向3号轨道添加21号电子
2019-05-15 16:53:48  [ AWT-EventQueue-0:5 ] - [ INFO ]  向3号轨道添加22号电子
2019-05-15 16:53:48  [ AWT-EventQueue-0:5 ] - [ INFO ]  向3号轨道添加23号电子
2019-05-15 16:53:48  [ AWT-EventQueue-0:5 ] - [ INFO ]  向3号轨道添加24号电子
2019-05-15 16:53:48  [ AWT-EventQueue-0:5 ] - [ INFO ]  向3号轨道添加25号电子
2019-05-15 16:53:48  [ AWT-EventQueue-0:6 ] - [ INFO ]  向3号轨道添加26号电子
2019-05-15 16:53:48  [ AWT-EventQueue-0:6 ] - [ INFO ]  向3号轨道添加27号电子
2019-05-15 16:53:48  [ AWT-EventQueue-0:6 ] - [ INFO ]  向3号轨道添加28号电子
2019-05-15 16:53:48  [ AWT-EventQueue-0:6 ] - [ INFO ]  向4号轨道添加29号电子
2019-05-15 16:53:48  [ AWT-EventQueue-0:6 ] - [ INFO ]  向4号轨道添加30号电子
2019-05-15 16:53:48  [ AWT-EventQueue-0:6 ] - [ INFO ]  向4号轨道添加31号电子
2019-05-15 16:53:48  [ AWT-EventQueue-0:6 ] - [ INFO ]  向4号轨道添加32号电子
2019-05-15 16:53:48  [ AWT-EventQueue-0:6 ] - [ INFO ]  向4号轨道添加33号电子
2019-05-15 16:53:48  [ AWT-EventQueue-0:6 ] - [ INFO ]  向4号轨道添加34号电子
2019-05-15 16:53:48  [ AWT-EventQueue-0:6 ] - [ INFO ]  向4号轨道添加35号电子
2019-05-15 16:53:48  [ AWT-EventQueue-0:6 ] - [ INFO ]  向4号轨道添加36号电子
2019-05-15 16:53:48  [ AWT-EventQueue-0:6 ] - [ INFO ]  向5号轨道添加37号电子
2019-05-15 16:55:29  [ AWT-EventQueue-0:0 ] - [ INFO ]  读取src\circularOrbit\test\AtomicStructure.txt文件
2019-05-15 16:55:29  [ AWT-EventQueue-0:3 ] - [ INFO ]  向1号轨道添加1号电子
2019-05-15 16:55:29  [ AWT-EventQueue-0:4 ] - [ INFO ]  向1号轨道添加2号电子
2019-05-15 16:55:29  [ AWT-EventQueue-0:4 ] - [ INFO ]  向2号轨道添加3号电子
2019-05-15 16:55:29  [ AWT-EventQueue-0:4 ] - [ INFO ]  向2号轨道添加4号电子
2019-05-15 16:55:29  [ AWT-EventQueue-0:4 ] - [ INFO ]  向2号轨道添加5号电子
2019-05-15 16:55:29  [ AWT-EventQueue-0:4 ] - [ INFO ]  向2号轨道添加6号电子
2019-05-15 16:55:29  [ AWT-EventQueue-0:4 ] - [ INFO ]  向2号轨道添加7号电子
2019-05-15 16:55:29  [ AWT-EventQueue-0:4 ] - [ INFO ]  向2号轨道添加8号电子
2019-05-15 16:55:29  [ AWT-EventQueue-0:4 ] - [ INFO ]  向2号轨道添加9号电子
2019-05-15 16:55:29  [ AWT-EventQueue-0:4 ] - [ INFO ]  向2号轨道添加10号电子
2019-05-15 16:55:29  [ AWT-EventQueue-0:4 ] - [ INFO ]  向3号轨道添加11号电子
2019-05-15 16:55:29  [ AWT-EventQueue-0:4 ] - [ INFO ]  向3号轨道添加12号电子
2019-05-15 16:55:29  [ AWT-EventQueue-0:4 ] - [ INFO ]  向3号轨道添加13号电子
2019-05-15 16:55:29  [ AWT-EventQueue-0:4 ] - [ INFO ]  向3号轨道添加14号电子
2019-05-15 16:55:29  [ AWT-EventQueue-0:4 ] - [ INFO ]  向3号轨道添加15号电子
2019-05-15 16:55:29  [ AWT-EventQueue-0:5 ] - [ INFO ]  向3号轨道添加16号电子
2019-05-15 16:55:29  [ AWT-EventQueue-0:5 ] - [ INFO ]  向3号轨道添加17号电子
2019-05-15 16:55:29  [ AWT-EventQueue-0:5 ] - [ INFO ]  向3号轨道添加18号电子
2019-05-15 16:55:29  [ AWT-EventQueue-0:5 ] - [ INFO ]  向3号轨道添加19号电子
2019-05-15 16:55:29  [ AWT-EventQueue-0:5 ] - [ INFO ]  向3号轨道添加20号电子
2019-05-15 16:55:29  [ AWT-EventQueue-0:5 ] - [ INFO ]  向3号轨道添加21号电子
2019-05-15 16:55:29  [ AWT-EventQueue-0:5 ] - [ INFO ]  向3号轨道添加22号电子
2019-05-15 16:55:29  [ AWT-EventQueue-0:5 ] - [ INFO ]  向3号轨道添加23号电子
2019-05-15 16:55:29  [ AWT-EventQueue-0:5 ] - [ INFO ]  向3号轨道添加24号电子
2019-05-15 16:55:29  [ AWT-EventQueue-0:5 ] - [ INFO ]  向3号轨道添加25号电子
2019-05-15 16:55:29  [ AWT-EventQueue-0:5 ] - [ INFO ]  向3号轨道添加26号电子
2019-05-15 16:55:29  [ AWT-EventQueue-0:5 ] - [ INFO ]  向3号轨道添加27号电子
2019-05-15 16:55:29  [ AWT-EventQueue-0:5 ] - [ INFO ]  向3号轨道添加28号电子
2019-05-15 16:55:29  [ AWT-EventQueue-0:5 ] - [ INFO ]  向4号轨道添加29号电子
2019-05-15 16:55:29  [ AWT-EventQueue-0:5 ] - [ INFO ]  向4号轨道添加30号电子
2019-05-15 16:55:29  [ AWT-EventQueue-0:5 ] - [ INFO ]  向4号轨道添加31号电子
2019-05-15 16:55:29  [ AWT-EventQueue-0:5 ] - [ INFO ]  向4号轨道添加32号电子
2019-05-15 16:55:29  [ AWT-EventQueue-0:5 ] - [ INFO ]  向4号轨道添加33号电子
2019-05-15 16:55:29  [ AWT-EventQueue-0:5 ] - [ INFO ]  向4号轨道添加34号电子
2019-05-15 16:55:29  [ AWT-EventQueue-0:5 ] - [ INFO ]  向4号轨道添加35号电子
2019-05-15 16:55:29  [ AWT-EventQueue-0:5 ] - [ INFO ]  向4号轨道添加36号电子
2019-05-15 16:55:29  [ AWT-EventQueue-0:6 ] - [ INFO ]  向5号轨道添加37号电子
2019-05-15 16:55:57  [ AWT-EventQueue-0:0 ] - [ INFO ]  读取src\circularOrbit\test\asdf.txt文件
2019-05-15 16:55:57  [ AWT-EventQueue-0:1 ] - [ ERROR ]  输入文件不存在
2019-05-15 16:56:08  [ AWT-EventQueue-0:11263 ] - [ INFO ]  读取src\circularOrbit\test\AtomicStructureRel.txt文件
2019-05-15 16:56:08  [ AWT-EventQueue-0:11265 ] - [ ERROR ]  输入轨道数不匹配(依赖关系错误)
2019-05-15 16:56:10  [ AWT-EventQueue-0:13583 ] - [ INFO ]  读取src\circularOrbit\test\AtomicStructure.txt文件
2019-05-15 16:56:10  [ AWT-EventQueue-0:13585 ] - [ INFO ]  向1号轨道添加1号电子
2019-05-15 16:56:10  [ AWT-EventQueue-0:13585 ] - [ INFO ]  向1号轨道添加2号电子
2019-05-15 16:56:10  [ AWT-EventQueue-0:13585 ] - [ INFO ]  向2号轨道添加3号电子
2019-05-15 16:56:10  [ AWT-EventQueue-0:13585 ] - [ INFO ]  向2号轨道添加4号电子
2019-05-15 16:56:10  [ AWT-EventQueue-0:13585 ] - [ INFO ]  向2号轨道添加5号电子
2019-05-15 16:56:10  [ AWT-EventQueue-0:13585 ] - [ INFO ]  向2号轨道添加6号电子
2019-05-15 16:56:10  [ AWT-EventQueue-0:13585 ] - [ INFO ]  向2号轨道添加7号电子
2019-05-15 16:56:10  [ AWT-EventQueue-0:13585 ] - [ INFO ]  向2号轨道添加8号电子
2019-05-15 16:56:10  [ AWT-EventQueue-0:13585 ] - [ INFO ]  向2号轨道添加9号电子
2019-05-15 16:56:10  [ AWT-EventQueue-0:13585 ] - [ INFO ]  向2号轨道添加10号电子
2019-05-15 16:56:10  [ AWT-EventQueue-0:13585 ] - [ INFO ]  向3号轨道添加11号电子
2019-05-15 16:56:10  [ AWT-EventQueue-0:13586 ] - [ INFO ]  向3号轨道添加12号电子
2019-05-15 16:56:10  [ AWT-EventQueue-0:13586 ] - [ INFO ]  向3号轨道添加13号电子
2019-05-15 16:56:10  [ AWT-EventQueue-0:13586 ] - [ INFO ]  向3号轨道添加14号电子
2019-05-15 16:56:10  [ AWT-EventQueue-0:13586 ] - [ INFO ]  向3号轨道添加15号电子
2019-05-15 16:56:10  [ AWT-EventQueue-0:13586 ] - [ INFO ]  向3号轨道添加16号电子
2019-05-15 16:56:10  [ AWT-EventQueue-0:13586 ] - [ INFO ]  向3号轨道添加17号电子
2019-05-15 16:56:10  [ AWT-EventQueue-0:13586 ] - [ INFO ]  向3号轨道添加18号电子
2019-05-15 16:56:10  [ AWT-EventQueue-0:13586 ] - [ INFO ]  向3号轨道添加19号电子
2019-05-15 16:56:10  [ AWT-EventQueue-0:13586 ] - [ INFO ]  向3号轨道添加20号电子
2019-05-15 16:56:10  [ AWT-EventQueue-0:13586 ] - [ INFO ]  向3号轨道添加21号电子
2019-05-15 16:56:10  [ AWT-EventQueue-0:13586 ] - [ INFO ]  向3号轨道添加22号电子
2019-05-15 16:56:10  [ AWT-EventQueue-0:13586 ] - [ INFO ]  向3号轨道添加23号电子
2019-05-15 16:56:10  [ AWT-EventQueue-0:13586 ] - [ INFO ]  向3号轨道添加24号电子
2019-05-15 16:56:10  [ AWT-EventQueue-0:13586 ] - [ INFO ]  向3号轨道添加25号电子
2019-05-15 16:56:10  [ AWT-EventQueue-0:13586 ] - [ INFO ]  向3号轨道添加26号电子
2019-05-15 16:56:10  [ AWT-EventQueue-0:13586 ] - [ INFO ]  向3号轨道添加27号电子
2019-05-15 16:56:10  [ AWT-EventQueue-0:13586 ] - [ INFO ]  向3号轨道添加28号电子
2019-05-15 16:56:10  [ AWT-EventQueue-0:13587 ] - [ INFO ]  向4号轨道添加29号电子
2019-05-15 16:56:10  [ AWT-EventQueue-0:13587 ] - [ INFO ]  向4号轨道添加30号电子
2019-05-15 16:56:10  [ AWT-EventQueue-0:13587 ] - [ INFO ]  向4号轨道添加31号电子
2019-05-15 16:56:10  [ AWT-EventQueue-0:13587 ] - [ INFO ]  向4号轨道添加32号电子
2019-05-15 16:56:10  [ AWT-EventQueue-0:13587 ] - [ INFO ]  向4号轨道添加33号电子
2019-05-15 16:56:10  [ AWT-EventQueue-0:13587 ] - [ INFO ]  向4号轨道添加34号电子
2019-05-15 16:56:10  [ AWT-EventQueue-0:13587 ] - [ INFO ]  向4号轨道添加35号电子
2019-05-15 16:56:10  [ AWT-EventQueue-0:13587 ] - [ INFO ]  向4号轨道添加36号电子
2019-05-15 16:56:10  [ AWT-EventQueue-0:13587 ] - [ INFO ]  向5号轨道添加37号电子
2019-05-15 16:57:56  [ AWT-EventQueue-0:0 ] - [ INFO ]  读取src\circularOrbit\test\asdf.txt文件
2019-05-15 16:58:06  [ AWT-EventQueue-0:10198 ] - [ INFO ]  读取src\circularOrbit\test\SocialNetworkCircleAge.txt文件
2019-05-15 16:58:14  [ AWT-EventQueue-0:18019 ] - [ INFO ]  读取src\circularOrbit\test\SocialNetworkCircleRel.txt文件
2019-05-15 16:58:19  [ AWT-EventQueue-0:22524 ] - [ INFO ]  读取src\circularOrbit\test\SocialNetworkCircleGender.txt文件
2019-05-15 16:58:27  [ AWT-EventQueue-0:30704 ] - [ INFO ]  读取src\circularOrbit\test\SocialNetworkCircleDecimal.txt文件
2019-05-15 16:58:36  [ AWT-EventQueue-0:39304 ] - [ INFO ]  读取src\circularOrbit\test\SocialNetworkCircle.txt文件
2019-05-15 16:59:34  [ AWT-EventQueue-0:0 ] - [ INFO ]  读取src\circularOrbit\test\AtomicStructureRel.txt文件
2019-05-15 16:59:34  [ AWT-EventQueue-0:1 ] - [ ERROR ]  输入轨道数不匹配(依赖关系错误)
2019-05-15 16:59:40  [ AWT-EventQueue-0:5224 ] - [ INFO ]  读取src\circularOrbit\test\AtomicStructureNumsTrack.txt文件
2019-05-15 16:59:40  [ AWT-EventQueue-0:5225 ] - [ ERROR ]  轨道数不应为0
2019-05-15 16:59:47  [ AWT-EventQueue-0:13201 ] - [ INFO ]  读取src\circularOrbit\test\AtomicStructureNameLength.txt文件
2019-05-15 16:59:48  [ AWT-EventQueue-0:13202 ] - [ ERROR ]  元素名长度错误
2019-05-15 16:59:51  [ AWT-EventQueue-0:17091 ] - [ INFO ]  读取src\circularOrbit\test\AtomicStructure.txt文件
2019-05-15 16:59:51  [ AWT-EventQueue-0:17093 ] - [ INFO ]  向1号轨道添加1号电子
2019-05-15 16:59:51  [ AWT-EventQueue-0:17093 ] - [ INFO ]  向1号轨道添加2号电子
2019-05-15 16:59:51  [ AWT-EventQueue-0:17093 ] - [ INFO ]  向2号轨道添加3号电子
2019-05-15 16:59:51  [ AWT-EventQueue-0:17093 ] - [ INFO ]  向2号轨道添加4号电子
2019-05-15 16:59:51  [ AWT-EventQueue-0:17093 ] - [ INFO ]  向2号轨道添加5号电子
2019-05-15 16:59:51  [ AWT-EventQueue-0:17093 ] - [ INFO ]  向2号轨道添加6号电子
2019-05-15 16:59:51  [ AWT-EventQueue-0:17093 ] - [ INFO ]  向2号轨道添加7号电子
2019-05-15 16:59:51  [ AWT-EventQueue-0:17093 ] - [ INFO ]  向2号轨道添加8号电子
2019-05-15 16:59:51  [ AWT-EventQueue-0:17093 ] - [ INFO ]  向2号轨道添加9号电子
2019-05-15 16:59:51  [ AWT-EventQueue-0:17093 ] - [ INFO ]  向2号轨道添加10号电子
2019-05-15 16:59:51  [ AWT-EventQueue-0:17093 ] - [ INFO ]  向3号轨道添加11号电子
2019-05-15 16:59:51  [ AWT-EventQueue-0:17093 ] - [ INFO ]  向3号轨道添加12号电子
2019-05-15 16:59:51  [ AWT-EventQueue-0:17094 ] - [ INFO ]  向3号轨道添加13号电子
2019-05-15 16:59:51  [ AWT-EventQueue-0:17094 ] - [ INFO ]  向3号轨道添加14号电子
2019-05-15 16:59:51  [ AWT-EventQueue-0:17094 ] - [ INFO ]  向3号轨道添加15号电子
2019-05-15 16:59:51  [ AWT-EventQueue-0:17094 ] - [ INFO ]  向3号轨道添加16号电子
2019-05-15 16:59:51  [ AWT-EventQueue-0:17094 ] - [ INFO ]  向3号轨道添加17号电子
2019-05-15 16:59:51  [ AWT-EventQueue-0:17094 ] - [ INFO ]  向3号轨道添加18号电子
2019-05-15 16:59:51  [ AWT-EventQueue-0:17094 ] - [ INFO ]  向3号轨道添加19号电子
2019-05-15 16:59:51  [ AWT-EventQueue-0:17094 ] - [ INFO ]  向3号轨道添加20号电子
2019-05-15 16:59:51  [ AWT-EventQueue-0:17094 ] - [ INFO ]  向3号轨道添加21号电子
2019-05-15 16:59:51  [ AWT-EventQueue-0:17094 ] - [ INFO ]  向3号轨道添加22号电子
2019-05-15 16:59:51  [ AWT-EventQueue-0:17094 ] - [ INFO ]  向3号轨道添加23号电子
2019-05-15 16:59:51  [ AWT-EventQueue-0:17094 ] - [ INFO ]  向3号轨道添加24号电子
2019-05-15 16:59:51  [ AWT-EventQueue-0:17094 ] - [ INFO ]  向3号轨道添加25号电子
2019-05-15 16:59:51  [ AWT-EventQueue-0:17094 ] - [ INFO ]  向3号轨道添加26号电子
2019-05-15 16:59:51  [ AWT-EventQueue-0:17094 ] - [ INFO ]  向3号轨道添加27号电子
2019-05-15 16:59:51  [ AWT-EventQueue-0:17094 ] - [ INFO ]  向3号轨道添加28号电子
2019-05-15 16:59:51  [ AWT-EventQueue-0:17095 ] - [ INFO ]  向4号轨道添加29号电子
2019-05-15 16:59:51  [ AWT-EventQueue-0:17095 ] - [ INFO ]  向4号轨道添加30号电子
2019-05-15 16:59:51  [ AWT-EventQueue-0:17095 ] - [ INFO ]  向4号轨道添加31号电子
2019-05-15 16:59:51  [ AWT-EventQueue-0:17095 ] - [ INFO ]  向4号轨道添加32号电子
2019-05-15 16:59:51  [ AWT-EventQueue-0:17095 ] - [ INFO ]  向4号轨道添加33号电子
2019-05-15 16:59:51  [ AWT-EventQueue-0:17095 ] - [ INFO ]  向4号轨道添加34号电子
2019-05-15 16:59:51  [ AWT-EventQueue-0:17095 ] - [ INFO ]  向4号轨道添加35号电子
2019-05-15 16:59:51  [ AWT-EventQueue-0:17095 ] - [ INFO ]  向4号轨道添加36号电子
2019-05-15 16:59:51  [ AWT-EventQueue-0:17095 ] - [ INFO ]  向5号轨道添加37号电子
2019-05-15 17:00:20  [ AWT-EventQueue-0:0 ] - [ INFO ]  读取src\circularOrbit\test\SocialNetworkCirclea.txt文件
2019-05-15 17:00:20  [ AWT-EventQueue-0:1 ] - [ ERROR ]  输入文件不存在
2019-05-15 17:00:24  [ AWT-EventQueue-0:4461 ] - [ INFO ]  读取src\circularOrbit\test\SocialNetworkCircleAge.txt文件
2019-05-15 17:00:24  [ AWT-EventQueue-0:4464 ] - [ ERROR ]  依赖关系错误
2019-05-15 17:00:31  [ AWT-EventQueue-0:11550 ] - [ INFO ]  读取src\circularOrbit\test\SocialNetworkCircleGender.txt文件
2019-05-15 17:00:31  [ AWT-EventQueue-0:11550 ] - [ ERROR ]  依赖关系错误
2019-05-15 17:01:07  [ main:0 ] - [ INFO ]  读取src\circularOrbit\test\TrackGameOrder1.txt文件
2019-05-15 17:01:07  [ main:1 ] - [ ERROR ]  输入名字顺序有误
2019-05-15 17:01:07  [ main:1 ] - [ INFO ]  读取src\circularOrbit\test\TrackGame.txt文件
2019-05-15 17:01:07  [ main:7 ] - [ INFO ]  向3号轨道添加运动员：Ronaldo
2019-05-15 17:01:07  [ main:8 ] - [ INFO ]  向2号轨道添加运动员：Trump
2019-05-15 17:01:07  [ main:8 ] - [ INFO ]  向4号轨道添加运动员：Obama
2019-05-15 17:01:07  [ main:8 ] - [ INFO ]  向1号轨道添加运动员：Cliton
2019-05-15 17:01:07  [ main:8 ] - [ INFO ]  向5号轨道添加运动员：Chistropher
2019-05-15 17:01:07  [ main:8 ] - [ INFO ]  向3号轨道添加运动员：Bolt
2019-05-15 17:01:07  [ main:8 ] - [ INFO ]  向2号轨道添加运动员：Wei
2019-05-15 17:01:07  [ main:8 ] - [ INFO ]  向4号轨道添加运动员：Lewis
2019-05-15 17:01:07  [ main:8 ] - [ INFO ]  向1号轨道添加运动员：Park
2019-05-15 17:01:07  [ main:8 ] - [ INFO ]  向5号轨道添加运动员：Peter
2019-05-15 17:01:07  [ main:8 ] - [ INFO ]  向3号轨道添加运动员：Chen
2019-05-15 17:01:07  [ main:8 ] - [ INFO ]  向2号轨道添加运动员：Tommy
2019-05-15 17:01:07  [ main:8 ] - [ INFO ]  向4号轨道添加运动员：Coal
2019-05-15 17:01:07  [ main:9 ] - [ INFO ]  删除5号轨道
2019-05-15 17:01:07  [ main:9 ] - [ INFO ]  新增6号轨道
2019-05-15 17:01:07  [ main:9 ] - [ INFO ]  向3号轨道添加运动员：lz
2019-05-15 17:01:07  [ main:9 ] - [ INFO ]  调换Trump, Cliton两名运动员位置
2019-05-15 17:01:20  [ main:0 ] - [ INFO ]  读取src\circularOrbit\test\SocialNetworkCircleRel.txt文件
2019-05-15 17:01:20  [ main:4 ] - [ ERROR ]  依赖关系错误
2019-05-15 17:01:20  [ main:4 ] - [ INFO ]  读取src\circularOrbit\test\SocialNetworkCircle.txt文件
2019-05-15 17:01:20  [ main:9 ] - [ INFO ]  计算DavidChen信息扩散度
2019-05-15 17:01:20  [ main:10 ] - [ INFO ]  删除FrankLee, TomWong社会关系
2019-05-15 17:01:20  [ main:10 ] - [ INFO ]  删除FrankLee, DavidChen社会关系
2019-05-15 17:01:20  [ main:10 ] - [ INFO ]  增加FrankLee, PonyMa社会关系
2019-05-15 17:01:20  [ main:10 ] - [ INFO ]  删除JackMa, PonyMa社会关系
2019-05-15 17:01:20  [ main:11 ] - [ INFO ]  增加Lzy
2019-05-15 17:01:20  [ main:11 ] - [ INFO ]  增加Lc
2019-05-15 17:01:20  [ main:11 ] - [ INFO ]  增加Lzy, Lc社会关系
2019-05-15 17:01:20  [ main:11 ] - [ INFO ]  增加Lzy, TomWong社会关系
2019-05-15 17:01:27  [ main:0 ] - [ INFO ]  读取src\circularOrbit\test\SocialNetworkCircleAge.txt文件
2019-05-15 17:01:27  [ main:3 ] - [ ERROR ]  依赖关系错误
2019-05-15 17:01:27  [ main:3 ] - [ INFO ]  读取src\circularOrbit\test\SocialNetworkCircle.txt文件
2019-05-15 17:01:27  [ main:7 ] - [ INFO ]  计算DavidChen信息扩散度
2019-05-15 17:01:27  [ main:8 ] - [ INFO ]  删除FrankLee, TomWong社会关系
2019-05-15 17:01:27  [ main:8 ] - [ INFO ]  删除FrankLee, DavidChen社会关系
2019-05-15 17:01:27  [ main:8 ] - [ INFO ]  增加FrankLee, PonyMa社会关系
2019-05-15 17:01:27  [ main:8 ] - [ INFO ]  删除JackMa, PonyMa社会关系
2019-05-15 17:01:27  [ main:9 ] - [ INFO ]  增加Lzy
2019-05-15 17:01:27  [ main:9 ] - [ INFO ]  增加Lc
2019-05-15 17:01:27  [ main:9 ] - [ INFO ]  增加Lzy, Lc社会关系
2019-05-15 17:01:27  [ main:9 ] - [ INFO ]  增加Lzy, TomWong社会关系
2019-05-15 17:01:35  [ main:0 ] - [ INFO ]  读取src\circularOrbit\test\SocialNetworkCircleDecimal.txt文件
2019-05-15 17:01:35  [ main:4 ] - [ ERROR ]  依赖关系错误
2019-05-15 17:01:35  [ main:4 ] - [ INFO ]  读取src\circularOrbit\test\SocialNetworkCircle.txt文件
2019-05-15 17:01:35  [ main:8 ] - [ INFO ]  计算DavidChen信息扩散度
2019-05-15 17:01:35  [ main:9 ] - [ INFO ]  删除FrankLee, TomWong社会关系
2019-05-15 17:01:35  [ main:9 ] - [ INFO ]  删除FrankLee, DavidChen社会关系
2019-05-15 17:01:35  [ main:10 ] - [ INFO ]  增加FrankLee, PonyMa社会关系
2019-05-15 17:01:35  [ main:10 ] - [ INFO ]  删除JackMa, PonyMa社会关系
2019-05-15 17:01:35  [ main:10 ] - [ INFO ]  增加Lzy
2019-05-15 17:01:35  [ main:10 ] - [ INFO ]  增加Lc
2019-05-15 17:01:35  [ main:10 ] - [ INFO ]  增加Lzy, Lc社会关系
2019-05-15 17:01:35  [ main:11 ] - [ INFO ]  增加Lzy, TomWong社会关系
2019-05-15 17:02:53  [ AWT-EventQueue-0:0 ] - [ INFO ]  读取src\circularOrbit\test\asdf.txt文件
2019-05-15 17:02:53  [ AWT-EventQueue-0:1 ] - [ ERROR ]  输入文件不存在
2019-05-15 17:03:06  [ AWT-EventQueue-0:12688 ] - [ INFO ]  读取src\circularOrbit\test\SocialNetworkCircleRel.txt文件
2019-05-15 17:03:06  [ AWT-EventQueue-0:12691 ] - [ ERROR ]  依赖关系错误
2019-05-15 17:03:11  [ AWT-EventQueue-0:17439 ] - [ INFO ]  读取src\circularOrbit\test\SocialNetworkCircleGender.txt文件
2019-05-15 17:03:11  [ AWT-EventQueue-0:17439 ] - [ ERROR ]  轨道物体性别输入错误
2019-05-15 17:03:14  [ AWT-EventQueue-0:20320 ] - [ INFO ]  读取src\circularOrbit\test\SocialNetworkCircle.txt文件
2019-05-15 17:06:13  [ AWT-EventQueue-0:0 ] - [ INFO ]  读取src\circularOrbit\test\asdf.txt文件
2019-05-15 17:06:13  [ AWT-EventQueue-0:1 ] - [ ERROR ]  输入文件不存在
2019-05-15 17:06:19  [ AWT-EventQueue-0:6406 ] - [ INFO ]  读取src\circularOrbit\test\TrackGameRel.txt文件
2019-05-15 17:06:19  [ AWT-EventQueue-0:6407 ] - [ ERROR ]  输入文件不存在
2019-05-15 17:06:27  [ AWT-EventQueue-0:14150 ] - [ INFO ]  读取src\circularOrbit\test\TrackGameOrder1.txt文件
2019-05-15 17:06:27  [ AWT-EventQueue-0:14151 ] - [ ERROR ]  输入名字顺序有误
2019-05-15 17:06:29  [ AWT-EventQueue-0:16638 ] - [ INFO ]  读取src\circularOrbit\test\TrackGame.txt文件
2019-05-15 17:06:33  [ AWT-EventQueue-0:20028 ] - [ INFO ]  读取src\circularOrbit\test\TrackGame.txt文件
2019-05-15 17:07:26  [ AWT-EventQueue-0:0 ] - [ INFO ]  读取src\circularOrbit\test\TrackGame.txt文件
2019-05-15 17:07:26  [ AWT-EventQueue-0:8 ] - [ INFO ]  向3号轨道添加运动员：Lewis
2019-05-15 17:07:26  [ AWT-EventQueue-0:8 ] - [ INFO ]  向1号轨道添加运动员：Park
2019-05-15 17:07:26  [ AWT-EventQueue-0:8 ] - [ INFO ]  向5号轨道添加运动员：Chistropher
2019-05-15 17:07:26  [ AWT-EventQueue-0:8 ] - [ INFO ]  向4号轨道添加运动员：Obama
2019-05-15 17:07:26  [ AWT-EventQueue-0:8 ] - [ INFO ]  向2号轨道添加运动员：Coal
2019-05-15 17:07:26  [ AWT-EventQueue-0:9 ] - [ INFO ]  向2号轨道添加运动员：Wei
2019-05-15 17:07:26  [ AWT-EventQueue-0:9 ] - [ INFO ]  向4号轨道添加运动员：Peter
2019-05-15 17:07:26  [ AWT-EventQueue-0:9 ] - [ INFO ]  向3号轨道添加运动员：Trump
2019-05-15 17:07:26  [ AWT-EventQueue-0:9 ] - [ INFO ]  向5号轨道添加运动员：Tommy
2019-05-15 17:07:26  [ AWT-EventQueue-0:9 ] - [ INFO ]  向1号轨道添加运动员：Bolt
2019-05-15 17:07:26  [ AWT-EventQueue-0:9 ] - [ INFO ]  向1号轨道添加运动员：Chen
2019-05-15 17:07:26  [ AWT-EventQueue-0:9 ] - [ INFO ]  向5号轨道添加运动员：Cliton
2019-05-15 17:07:26  [ AWT-EventQueue-0:9 ] - [ INFO ]  向3号轨道添加运动员：Ronaldo
2019-05-15 17:08:16  [ AWT-EventQueue-0:1 ] - [ INFO ]  读取src\circularOrbit\test\asdf.txt文件
2019-05-15 17:08:16  [ AWT-EventQueue-0:1 ] - [ ERROR ]  输入文件不存在
2019-05-15 17:08:26  [ AWT-EventQueue-0:10248 ] - [ INFO ]  读取src\circularOrbit\test\TrackGameNum.txt文件
2019-05-15 17:08:26  [ AWT-EventQueue-0:10249 ] - [ ERROR ]  输入数据数量有误
2019-05-15 17:08:28  [ AWT-EventQueue-0:12454 ] - [ INFO ]  读取src\circularOrbit\test\TrackGame.txt文件
2019-05-15 17:08:28  [ AWT-EventQueue-0:12463 ] - [ INFO ]  向2号轨道添加运动员：Wei
2019-05-15 17:08:28  [ AWT-EventQueue-0:12463 ] - [ INFO ]  向4号轨道添加运动员：Obama
2019-05-15 17:08:28  [ AWT-EventQueue-0:12463 ] - [ INFO ]  向1号轨道添加运动员：Coal
2019-05-15 17:08:28  [ AWT-EventQueue-0:12463 ] - [ INFO ]  向5号轨道添加运动员：Tommy
2019-05-15 17:08:28  [ AWT-EventQueue-0:12463 ] - [ INFO ]  向3号轨道添加运动员：Cliton
2019-05-15 17:08:28  [ AWT-EventQueue-0:12463 ] - [ INFO ]  向4号轨道添加运动员：Park
2019-05-15 17:08:28  [ AWT-EventQueue-0:12463 ] - [ INFO ]  向3号轨道添加运动员：Chistropher
2019-05-15 17:08:28  [ AWT-EventQueue-0:12463 ] - [ INFO ]  向1号轨道添加运动员：Peter
2019-05-15 17:08:28  [ AWT-EventQueue-0:12463 ] - [ INFO ]  向2号轨道添加运动员：Trump
2019-05-15 17:08:28  [ AWT-EventQueue-0:12464 ] - [ INFO ]  向5号轨道添加运动员：Lewis
2019-05-15 17:08:28  [ AWT-EventQueue-0:12464 ] - [ INFO ]  向3号轨道添加运动员：Bolt
2019-05-15 17:08:28  [ AWT-EventQueue-0:12464 ] - [ INFO ]  向2号轨道添加运动员：Ronaldo
2019-05-15 17:08:28  [ AWT-EventQueue-0:12464 ] - [ INFO ]  向5号轨道添加运动员：Chen
2019-05-15 17:09:16  [ AWT-EventQueue-0:0 ] - [ INFO ]  读取src\circularOrbit\test\adsf.txt文件
2019-05-15 17:09:16  [ AWT-EventQueue-0:1 ] - [ ERROR ]  输入文件不存在
2019-05-15 17:09:23  [ AWT-EventQueue-0:7508 ] - [ INFO ]  读取src\circularOrbit\test\TrackGameDecimal.txt文件
2019-05-15 17:09:23  [ AWT-EventQueue-0:7509 ] - [ ERROR ]  输入小数点位数有误
2019-05-15 17:09:25  [ AWT-EventQueue-0:9453 ] - [ INFO ]  读取src\circularOrbit\test\TrackGame.txt文件
2019-05-15 17:09:25  [ AWT-EventQueue-0:9462 ] - [ INFO ]  向3号轨道添加运动员：Ronaldo
2019-05-15 17:09:25  [ AWT-EventQueue-0:9462 ] - [ INFO ]  向2号轨道添加运动员：Trump
2019-05-15 17:09:25  [ AWT-EventQueue-0:9462 ] - [ INFO ]  向4号轨道添加运动员：Obama
2019-05-15 17:09:25  [ AWT-EventQueue-0:9462 ] - [ INFO ]  向1号轨道添加运动员：Cliton
2019-05-15 17:09:25  [ AWT-EventQueue-0:9462 ] - [ INFO ]  向5号轨道添加运动员：Chistropher
2019-05-15 17:09:25  [ AWT-EventQueue-0:9462 ] - [ INFO ]  向3号轨道添加运动员：Bolt
2019-05-15 17:09:25  [ AWT-EventQueue-0:9462 ] - [ INFO ]  向2号轨道添加运动员：Wei
2019-05-15 17:09:25  [ AWT-EventQueue-0:9462 ] - [ INFO ]  向4号轨道添加运动员：Lewis
2019-05-15 17:09:25  [ AWT-EventQueue-0:9462 ] - [ INFO ]  向1号轨道添加运动员：Park
2019-05-15 17:09:25  [ AWT-EventQueue-0:9462 ] - [ INFO ]  向5号轨道添加运动员：Peter
2019-05-15 17:09:25  [ AWT-EventQueue-0:9462 ] - [ INFO ]  向3号轨道添加运动员：Chen
2019-05-15 17:09:25  [ AWT-EventQueue-0:9463 ] - [ INFO ]  向2号轨道添加运动员：Tommy
2019-05-15 17:09:25  [ AWT-EventQueue-0:9463 ] - [ INFO ]  向4号轨道添加运动员：Coal
2019-05-15 17:09:28  [ AWT-EventQueue-0:12749 ] - [ INFO ]  删除5号轨道
2019-05-15 17:09:51  [ AWT-EventQueue-0:0 ] - [ INFO ]  读取src\circularOrbit\test\TrackGame.txt文件
2019-05-15 17:09:51  [ AWT-EventQueue-0:7 ] - [ INFO ]  向3号轨道添加运动员：Ronaldo
2019-05-15 17:09:51  [ AWT-EventQueue-0:7 ] - [ INFO ]  向2号轨道添加运动员：Trump
2019-05-15 17:09:51  [ AWT-EventQueue-0:8 ] - [ INFO ]  向4号轨道添加运动员：Obama
2019-05-15 17:09:51  [ AWT-EventQueue-0:8 ] - [ INFO ]  向1号轨道添加运动员：Cliton
2019-05-15 17:09:51  [ AWT-EventQueue-0:8 ] - [ INFO ]  向5号轨道添加运动员：Chistropher
2019-05-15 17:09:51  [ AWT-EventQueue-0:8 ] - [ INFO ]  向3号轨道添加运动员：Bolt
2019-05-15 17:09:51  [ AWT-EventQueue-0:8 ] - [ INFO ]  向2号轨道添加运动员：Wei
2019-05-15 17:09:51  [ AWT-EventQueue-0:8 ] - [ INFO ]  向4号轨道添加运动员：Lewis
2019-05-15 17:09:51  [ AWT-EventQueue-0:8 ] - [ INFO ]  向1号轨道添加运动员：Park
2019-05-15 17:09:51  [ AWT-EventQueue-0:8 ] - [ INFO ]  向5号轨道添加运动员：Peter
2019-05-15 17:09:51  [ AWT-EventQueue-0:8 ] - [ INFO ]  向3号轨道添加运动员：Chen
2019-05-15 17:09:51  [ AWT-EventQueue-0:8 ] - [ INFO ]  向2号轨道添加运动员：Tommy
2019-05-15 17:09:51  [ AWT-EventQueue-0:8 ] - [ INFO ]  向4号轨道添加运动员：Coal
2019-05-15 17:09:55  [ AWT-EventQueue-0:4477 ] - [ INFO ]  删除Obama
2019-05-15 17:12:22  [ main:0 ] - [ INFO ]  读取src\circularOrbit\test\SocialNetworkCircleDecimal.txt文件
2019-05-15 17:12:22  [ main:1 ] - [ INFO ]  构造轨道系统
2019-05-15 17:12:22  [ main:4 ] - [ ERROR ]  输入数据小数点有误
2019-05-15 17:12:22  [ main:4 ] - [ INFO ]  读取src\circularOrbit\test\SocialNetworkCircle.txt文件
2019-05-15 17:12:22  [ main:4 ] - [ INFO ]  构造轨道系统
2019-05-15 17:12:22  [ main:9 ] - [ INFO ]  计算DavidChen信息扩散度
2019-05-15 17:12:22  [ main:10 ] - [ INFO ]  删除FrankLee, TomWong社会关系
2019-05-15 17:12:22  [ main:10 ] - [ INFO ]  删除FrankLee, DavidChen社会关系
2019-05-15 17:12:22  [ main:10 ] - [ INFO ]  增加FrankLee, PonyMa社会关系
2019-05-15 17:12:22  [ main:10 ] - [ INFO ]  删除JackMa, PonyMa社会关系
2019-05-15 17:12:22  [ main:11 ] - [ INFO ]  增加Lzy
2019-05-15 17:12:22  [ main:11 ] - [ INFO ]  增加Lc
2019-05-15 17:12:22  [ main:11 ] - [ INFO ]  增加Lzy, Lc社会关系
2019-05-15 17:12:22  [ main:11 ] - [ INFO ]  增加Lzy, TomWong社会关系
2019-05-15 22:00:04  [ AWT-EventQueue-0:0 ] - [ INFO ]  读取src\circularOrbit\test\TrackGame.txt文件
2019-05-15 22:00:04  [ AWT-EventQueue-0:21 ] - [ INFO ]  向1号轨道添加运动员：Lewis
2019-05-15 22:00:04  [ AWT-EventQueue-0:21 ] - [ INFO ]  向2号轨道添加运动员：Ronaldo
2019-05-15 22:00:04  [ AWT-EventQueue-0:21 ] - [ INFO ]  向3号轨道添加运动员：Chen
2019-05-15 22:00:04  [ AWT-EventQueue-0:21 ] - [ INFO ]  向4号轨道添加运动员：Chistropher
2019-05-15 22:00:04  [ AWT-EventQueue-0:21 ] - [ INFO ]  向5号轨道添加运动员：Park
2019-05-15 22:00:04  [ AWT-EventQueue-0:21 ] - [ INFO ]  向4号轨道添加运动员：Bolt
2019-05-15 22:00:04  [ AWT-EventQueue-0:21 ] - [ INFO ]  向3号轨道添加运动员：Trump
2019-05-15 22:00:04  [ AWT-EventQueue-0:21 ] - [ INFO ]  向1号轨道添加运动员：Peter
2019-05-15 22:00:04  [ AWT-EventQueue-0:21 ] - [ INFO ]  向2号轨道添加运动员：Coal
2019-05-15 22:00:04  [ AWT-EventQueue-0:21 ] - [ INFO ]  向5号轨道添加运动员：Obama
2019-05-15 22:00:04  [ AWT-EventQueue-0:21 ] - [ INFO ]  向2号轨道添加运动员：Wei
2019-05-15 22:00:04  [ AWT-EventQueue-0:21 ] - [ INFO ]  向5号轨道添加运动员：Tommy
2019-05-15 22:00:04  [ AWT-EventQueue-0:21 ] - [ INFO ]  向3号轨道添加运动员：Cliton
2019-05-15 22:00:09  [ AWT-EventQueue-0:5200 ] - [ ERROR ]  新增运动员输入错误
2019-05-15 22:00:13  [ AWT-EventQueue-0:8679 ] - [ INFO ]  新增123号轨道
2019-05-15 22:00:15  [ AWT-EventQueue-0:10742 ] - [ ERROR ]  删除轨道输入错误
2019-05-15 22:00:18  [ AWT-EventQueue-0:14109 ] - [ ERROR ]  新增轨道输入错误
2019-05-15 22:00:32  [ AWT-EventQueue-0:27865 ] - [ ERROR ]  添加运动员输入信息错误
2019-05-15 22:00:36  [ AWT-EventQueue-0:31827 ] - [ ERROR ]  删除运动员输入信息错误
2019-05-15 22:00:42  [ AWT-EventQueue-0:37838 ] - [ INFO ]  删除Park
2019-05-15 22:47:35  [ AWT-EventQueue-0:0 ] - [ INFO ]  读取src\circularOrbit\test\SocialNetworkCircle.txt文件
2019-05-15 22:47:35  [ AWT-EventQueue-0:1 ] - [ INFO ]  构造轨道系统
2019-05-16 10:21:56  [ AWT-EventQueue-0:0 ] - [ INFO ]  读取src\circularOrbit\test\SocialNetworkCircle.txt文件
2019-05-16 10:21:56  [ AWT-EventQueue-0:1 ] - [ INFO ]  构造轨道系统
2019-05-16 17:08:20  [ AWT-EventQueue-0:0 ] - [ INFO ]  选择TrackGame应用
2019-05-16 17:08:28  [ AWT-EventQueue-0:7613 ] - [ INFO ]  读取src\circularOrbit\test\TrackGame.txt文件
2019-05-16 17:08:28  [ AWT-EventQueue-0:7621 ] - [ INFO ]  向3号轨道添加运动员：Ronaldo
2019-05-16 17:08:28  [ AWT-EventQueue-0:7621 ] - [ INFO ]  向2号轨道添加运动员：Trump
2019-05-16 17:08:28  [ AWT-EventQueue-0:7621 ] - [ INFO ]  向4号轨道添加运动员：Obama
2019-05-16 17:08:28  [ AWT-EventQueue-0:7621 ] - [ INFO ]  向1号轨道添加运动员：Cliton
2019-05-16 17:08:28  [ AWT-EventQueue-0:7621 ] - [ INFO ]  向5号轨道添加运动员：Chistropher
2019-05-16 17:08:28  [ AWT-EventQueue-0:7622 ] - [ INFO ]  向3号轨道添加运动员：Bolt
2019-05-16 17:08:28  [ AWT-EventQueue-0:7622 ] - [ INFO ]  向2号轨道添加运动员：Wei
2019-05-16 17:08:28  [ AWT-EventQueue-0:7622 ] - [ INFO ]  向4号轨道添加运动员：Lewis
2019-05-16 17:08:28  [ AWT-EventQueue-0:7622 ] - [ INFO ]  向1号轨道添加运动员：Park
2019-05-16 17:08:28  [ AWT-EventQueue-0:7622 ] - [ INFO ]  向5号轨道添加运动员：Peter
2019-05-16 17:08:28  [ AWT-EventQueue-0:7622 ] - [ INFO ]  向3号轨道添加运动员：Chen
2019-05-16 17:08:28  [ AWT-EventQueue-0:7622 ] - [ INFO ]  向2号轨道添加运动员：Tommy
2019-05-16 17:08:28  [ AWT-EventQueue-0:7622 ] - [ INFO ]  向4号轨道添加运动员：Coal
2019-05-16 17:08:35  [ AWT-EventQueue-0:14320 ] - [ ERROR ]  新增运动员输入错误
2019-05-16 17:08:42  [ AWT-EventQueue-0:21800 ] - [ INFO ]  调换Obama, Lewis两名运动员位置
2019-05-16 17:08:48  [ AWT-EventQueue-0:28116 ] - [ INFO ]  新增6号轨道
2019-05-16 17:08:51  [ AWT-EventQueue-0:30877 ] - [ INFO ]  删除1号轨道
2019-05-16 17:09:05  [ AWT-EventQueue-0:44607 ] - [ INFO ]  向6号轨道添加运动员：ASDF
2019-05-16 17:09:10  [ AWT-EventQueue-0:50231 ] - [ INFO ]  删除Trump
2019-05-17 16:11:04  [ main:0 ] - [ INFO ]  读取src\circularOrbit\test\TrackGameOrder1.txt文件
2019-05-17 16:11:04  [ main:2 ] - [ ERROR ]  输入名字顺序有误
2019-05-17 16:11:04  [ main:2 ] - [ INFO ]  读取src\circularOrbit\test\TrackGame.txt文件
2019-05-17 16:11:04  [ main:9 ] - [ INFO ]  向3号轨道添加运动员：Ronaldo
2019-05-17 16:11:04  [ main:9 ] - [ INFO ]  向2号轨道添加运动员：Trump
2019-05-17 16:11:04  [ main:9 ] - [ INFO ]  向4号轨道添加运动员：Obama
2019-05-17 16:11:04  [ main:9 ] - [ INFO ]  向1号轨道添加运动员：Cliton
2019-05-17 16:11:04  [ main:9 ] - [ INFO ]  向5号轨道添加运动员：Chistropher
2019-05-17 16:11:04  [ main:9 ] - [ INFO ]  向3号轨道添加运动员：Bolt
2019-05-17 16:11:04  [ main:9 ] - [ INFO ]  向2号轨道添加运动员：Wei
2019-05-17 16:11:04  [ main:9 ] - [ INFO ]  向4号轨道添加运动员：Lewis
2019-05-17 16:11:04  [ main:9 ] - [ INFO ]  向1号轨道添加运动员：Park
2019-05-17 16:11:04  [ main:10 ] - [ INFO ]  向5号轨道添加运动员：Peter
2019-05-17 16:11:04  [ main:10 ] - [ INFO ]  向3号轨道添加运动员：Chen
2019-05-17 16:11:04  [ main:10 ] - [ INFO ]  向2号轨道添加运动员：Tommy
2019-05-17 16:11:04  [ main:10 ] - [ INFO ]  向4号轨道添加运动员：Coal
2019-05-17 16:11:04  [ main:10 ] - [ INFO ]  删除5号轨道
2019-05-17 16:11:04  [ main:11 ] - [ INFO ]  新增6号轨道
2019-05-17 16:11:04  [ main:11 ] - [ INFO ]  向3号轨道添加运动员：lz
2019-05-17 16:11:04  [ main:11 ] - [ INFO ]  调换Trump, Cliton两名运动员位置
2019-05-17 16:36:11  [ main:1 ] - [ INFO ]  读取src\circularOrbit\test\TrackGameDecimal.txt文件
2019-05-17 16:36:11  [ main:3 ] - [ INFO ]  读取src\circularOrbit\test\TrackGame.txt文件
2019-05-17 16:36:11  [ main:8 ] - [ INFO ]  向3号轨道添加运动员：Ronaldo
2019-05-17 16:36:11  [ main:8 ] - [ INFO ]  向2号轨道添加运动员：Trump
2019-05-17 16:36:11  [ main:8 ] - [ INFO ]  向4号轨道添加运动员：Obama
2019-05-17 16:36:11  [ main:8 ] - [ INFO ]  向1号轨道添加运动员：Cliton
2019-05-17 16:36:11  [ main:8 ] - [ INFO ]  向5号轨道添加运动员：Chistropher
2019-05-17 16:36:11  [ main:8 ] - [ INFO ]  向3号轨道添加运动员：Bolt
2019-05-17 16:36:11  [ main:8 ] - [ INFO ]  向2号轨道添加运动员：Wei
2019-05-17 16:36:11  [ main:8 ] - [ INFO ]  向4号轨道添加运动员：Lewis
2019-05-17 16:36:11  [ main:8 ] - [ INFO ]  向1号轨道添加运动员：Park
2019-05-17 16:36:11  [ main:8 ] - [ INFO ]  向5号轨道添加运动员：Peter
2019-05-17 16:36:11  [ main:8 ] - [ INFO ]  向3号轨道添加运动员：Chen
2019-05-17 16:36:11  [ main:8 ] - [ INFO ]  向2号轨道添加运动员：Tommy
2019-05-17 16:36:11  [ main:8 ] - [ INFO ]  向4号轨道添加运动员：Coal
2019-05-17 16:36:11  [ main:9 ] - [ INFO ]  读取src\circularOrbit\test\TrackGameLarger.txt文件
2019-05-17 16:36:11  [ main:9 ] - [ INFO ]  读取src\circularOrbit\test\TrackGameNameSame.txt文件
2019-05-17 16:36:11  [ main:10 ] - [ INFO ]  读取src\circularOrbit\test\TrackGameNum.txt文件
2019-05-17 16:36:11  [ main:11 ] - [ INFO ]  读取src\circularOrbit\test\TrackGameOrder1.txt文件
2019-05-17 16:36:11  [ main:12 ] - [ INFO ]  读取src\circularOrbit\test\TrackGameOrder2.txt文件
2019-05-17 16:36:11  [ main:13 ] - [ INFO ]  读取src\circularOrbit\test\TrackGame.txt文件
2019-05-17 16:36:11  [ main:15 ] - [ INFO ]  读取src\circularOrbit\test\TrackGame.txt文件
2019-05-17 16:36:11  [ main:17 ] - [ INFO ]  向3号轨道添加运动员：Ronaldo
2019-05-17 16:36:11  [ main:17 ] - [ INFO ]  向2号轨道添加运动员：Trump
2019-05-17 16:36:11  [ main:17 ] - [ INFO ]  向4号轨道添加运动员：Obama
2019-05-17 16:36:11  [ main:17 ] - [ INFO ]  向1号轨道添加运动员：Cliton
2019-05-17 16:36:11  [ main:17 ] - [ INFO ]  向5号轨道添加运动员：Chistropher
2019-05-17 16:36:11  [ main:18 ] - [ INFO ]  向3号轨道添加运动员：Bolt
2019-05-17 16:36:11  [ main:18 ] - [ INFO ]  向2号轨道添加运动员：Wei
2019-05-17 16:36:11  [ main:18 ] - [ INFO ]  向4号轨道添加运动员：Lewis
2019-05-17 16:36:11  [ main:18 ] - [ INFO ]  向1号轨道添加运动员：Park
2019-05-17 16:36:11  [ main:18 ] - [ INFO ]  向5号轨道添加运动员：Peter
2019-05-17 16:36:11  [ main:18 ] - [ INFO ]  向3号轨道添加运动员：Chen
2019-05-17 16:36:11  [ main:18 ] - [ INFO ]  向2号轨道添加运动员：Tommy
2019-05-17 16:36:11  [ main:18 ] - [ INFO ]  向4号轨道添加运动员：Coal
2019-05-17 16:36:11  [ main:18 ] - [ INFO ]  向4号轨道添加运动员：Chen
2019-05-17 16:36:11  [ main:18 ] - [ INFO ]  向5号轨道添加运动员：Wei
2019-05-17 16:36:11  [ main:19 ] - [ INFO ]  向3号轨道添加运动员：Ronaldo
2019-05-17 16:36:11  [ main:19 ] - [ INFO ]  向1号轨道添加运动员：Lewis
2019-05-17 16:36:11  [ main:19 ] - [ INFO ]  向2号轨道添加运动员：Bolt
2019-05-17 16:36:11  [ main:19 ] - [ INFO ]  向4号轨道添加运动员：Tommy
2019-05-17 16:36:11  [ main:19 ] - [ INFO ]  向3号轨道添加运动员：Cliton
2019-05-17 16:36:11  [ main:19 ] - [ INFO ]  向5号轨道添加运动员：Trump
2019-05-17 16:36:11  [ main:19 ] - [ INFO ]  向2号轨道添加运动员：Chistropher
2019-05-17 16:36:11  [ main:19 ] - [ INFO ]  向1号轨道添加运动员：Obama
2019-05-17 16:36:11  [ main:19 ] - [ INFO ]  向5号轨道添加运动员：Peter
2019-05-17 16:36:11  [ main:19 ] - [ INFO ]  向3号轨道添加运动员：Park
2019-05-17 16:36:11  [ main:19 ] - [ INFO ]  向2号轨道添加运动员：Coal
2019-05-17 16:36:11  [ main:19 ] - [ INFO ]  调换Obama, Cliton两名运动员位置
2019-05-17 16:36:11  [ main:20 ] - [ INFO ]  调换Wei, Tommy两名运动员位置
2019-05-17 16:36:11  [ main:20 ] - [ INFO ]  新增6号轨道
2019-05-17 16:36:11  [ main:20 ] - [ INFO ]  删除6号轨道
2019-05-17 16:36:11  [ main:20 ] - [ INFO ]  向5号轨道添加运动员：Lzy
2019-05-17 16:36:11  [ main:21 ] - [ INFO ]  读取src\circularOrbit\test\TrackGame.txt文件
2019-05-17 16:36:11  [ main:22 ] - [ INFO ]  向3号轨道添加运动员：Ronaldo
2019-05-17 16:36:11  [ main:22 ] - [ INFO ]  向2号轨道添加运动员：Trump
2019-05-17 16:36:11  [ main:22 ] - [ INFO ]  向4号轨道添加运动员：Obama
2019-05-17 16:36:11  [ main:22 ] - [ INFO ]  向1号轨道添加运动员：Cliton
2019-05-17 16:36:11  [ main:23 ] - [ INFO ]  向5号轨道添加运动员：Chistropher
2019-05-17 16:36:11  [ main:23 ] - [ INFO ]  向3号轨道添加运动员：Bolt
2019-05-17 16:36:11  [ main:23 ] - [ INFO ]  向2号轨道添加运动员：Wei
2019-05-17 16:36:11  [ main:23 ] - [ INFO ]  向4号轨道添加运动员：Lewis
2019-05-17 16:36:11  [ main:23 ] - [ INFO ]  向1号轨道添加运动员：Park
2019-05-17 16:36:11  [ main:23 ] - [ INFO ]  向5号轨道添加运动员：Peter
2019-05-17 16:36:11  [ main:23 ] - [ INFO ]  向3号轨道添加运动员：Chen
2019-05-17 16:36:11  [ main:23 ] - [ INFO ]  向2号轨道添加运动员：Tommy
2019-05-17 16:36:11  [ main:23 ] - [ INFO ]  向4号轨道添加运动员：Coal
2019-05-17 16:36:11  [ main:23 ] - [ INFO ]  新增1号轨道
2019-05-17 16:36:11  [ main:23 ] - [ INFO ]  读取src\circularOrbit\test\TrackGame.txt文件
2019-05-17 16:36:11  [ main:25 ] - [ INFO ]  向3号轨道添加运动员：Ronaldo
2019-05-17 16:36:11  [ main:25 ] - [ INFO ]  向2号轨道添加运动员：Trump
2019-05-17 16:36:11  [ main:25 ] - [ INFO ]  向4号轨道添加运动员：Obama
2019-05-17 16:36:11  [ main:25 ] - [ INFO ]  向1号轨道添加运动员：Cliton
2019-05-17 16:36:11  [ main:25 ] - [ INFO ]  向5号轨道添加运动员：Chistropher
2019-05-17 16:36:11  [ main:25 ] - [ INFO ]  向3号轨道添加运动员：Bolt
2019-05-17 16:36:11  [ main:25 ] - [ INFO ]  向2号轨道添加运动员：Wei
2019-05-17 16:36:11  [ main:25 ] - [ INFO ]  向4号轨道添加运动员：Lewis
2019-05-17 16:36:11  [ main:25 ] - [ INFO ]  向1号轨道添加运动员：Park
2019-05-17 16:36:11  [ main:25 ] - [ INFO ]  向5号轨道添加运动员：Peter
2019-05-17 16:36:11  [ main:26 ] - [ INFO ]  向3号轨道添加运动员：Chen
2019-05-17 16:36:11  [ main:26 ] - [ INFO ]  向2号轨道添加运动员：Tommy
2019-05-17 16:36:11  [ main:26 ] - [ INFO ]  向4号轨道添加运动员：Coal
2019-05-17 16:36:11  [ main:26 ] - [ INFO ]  删除10号轨道
2019-05-17 16:36:11  [ main:27 ] - [ INFO ]  读取src\circularOrbit\test\AtomicStructureDecimalElec.txt文件
2019-05-17 16:36:11  [ main:29 ] - [ INFO ]  读取src\circularOrbit\test\AtomicStructure.txt文件
2019-05-17 16:36:11  [ main:30 ] - [ INFO ]  向1号轨道添加1号电子
2019-05-17 16:36:11  [ main:30 ] - [ INFO ]  向1号轨道添加2号电子
2019-05-17 16:36:11  [ main:31 ] - [ INFO ]  向2号轨道添加3号电子
2019-05-17 16:36:11  [ main:31 ] - [ INFO ]  向2号轨道添加4号电子
2019-05-17 16:36:11  [ main:31 ] - [ INFO ]  向2号轨道添加5号电子
2019-05-17 16:36:11  [ main:31 ] - [ INFO ]  向2号轨道添加6号电子
2019-05-17 16:36:11  [ main:31 ] - [ INFO ]  向2号轨道添加7号电子
2019-05-17 16:36:11  [ main:31 ] - [ INFO ]  向2号轨道添加8号电子
2019-05-17 16:36:11  [ main:31 ] - [ INFO ]  向2号轨道添加9号电子
2019-05-17 16:36:11  [ main:31 ] - [ INFO ]  向2号轨道添加10号电子
2019-05-17 16:36:11  [ main:31 ] - [ INFO ]  向3号轨道添加11号电子
2019-05-17 16:36:11  [ main:31 ] - [ INFO ]  向3号轨道添加12号电子
2019-05-17 16:36:11  [ main:31 ] - [ INFO ]  向3号轨道添加13号电子
2019-05-17 16:36:11  [ main:31 ] - [ INFO ]  向3号轨道添加14号电子
2019-05-17 16:36:11  [ main:31 ] - [ INFO ]  向3号轨道添加15号电子
2019-05-17 16:36:11  [ main:31 ] - [ INFO ]  向3号轨道添加16号电子
2019-05-17 16:36:11  [ main:32 ] - [ INFO ]  向3号轨道添加17号电子
2019-05-17 16:36:11  [ main:32 ] - [ INFO ]  向3号轨道添加18号电子
2019-05-17 16:36:11  [ main:32 ] - [ INFO ]  向3号轨道添加19号电子
2019-05-17 16:36:11  [ main:32 ] - [ INFO ]  向3号轨道添加20号电子
2019-05-17 16:36:11  [ main:32 ] - [ INFO ]  向3号轨道添加21号电子
2019-05-17 16:36:11  [ main:32 ] - [ INFO ]  向3号轨道添加22号电子
2019-05-17 16:36:11  [ main:32 ] - [ INFO ]  向3号轨道添加23号电子
2019-05-17 16:36:11  [ main:32 ] - [ INFO ]  向3号轨道添加24号电子
2019-05-17 16:36:11  [ main:32 ] - [ INFO ]  向3号轨道添加25号电子
2019-05-17 16:36:11  [ main:32 ] - [ INFO ]  向3号轨道添加26号电子
2019-05-17 16:36:11  [ main:32 ] - [ INFO ]  向3号轨道添加27号电子
2019-05-17 16:36:11  [ main:32 ] - [ INFO ]  向3号轨道添加28号电子
2019-05-17 16:36:11  [ main:32 ] - [ INFO ]  向4号轨道添加29号电子
2019-05-17 16:36:11  [ main:32 ] - [ INFO ]  向4号轨道添加30号电子
2019-05-17 16:36:11  [ main:33 ] - [ INFO ]  向4号轨道添加31号电子
2019-05-17 16:36:11  [ main:33 ] - [ INFO ]  向4号轨道添加32号电子
2019-05-17 16:36:11  [ main:33 ] - [ INFO ]  向4号轨道添加33号电子
2019-05-17 16:36:11  [ main:33 ] - [ INFO ]  向4号轨道添加34号电子
2019-05-17 16:36:11  [ main:33 ] - [ INFO ]  向4号轨道添加35号电子
2019-05-17 16:36:11  [ main:33 ] - [ INFO ]  向4号轨道添加36号电子
2019-05-17 16:36:11  [ main:33 ] - [ INFO ]  向5号轨道添加37号电子
2019-05-17 16:36:11  [ main:34 ] - [ INFO ]  读取src\circularOrbit\test\AtomicStructureDecimalTrack.txt文件
2019-05-17 16:36:11  [ main:35 ] - [ INFO ]  读取src\circularOrbit\test\AtomicStructureNameLarge.txt文件
2019-05-17 16:36:11  [ main:35 ] - [ INFO ]  读取src\circularOrbit\test\AtomicStructureNameLength.txt文件
2019-05-17 16:36:11  [ main:36 ] - [ INFO ]  读取src\circularOrbit\test\AtomicStructureNumsTrack.txt文件
2019-05-17 16:36:11  [ main:37 ] - [ INFO ]  读取src\circularOrbit\test\AtomicStructureRel.txt文件
2019-05-17 16:36:11  [ main:38 ] - [ INFO ]  读取src\circularOrbit\test\AtomicStructure.txt文件
2019-05-17 16:36:11  [ main:38 ] - [ INFO ]  向1号轨道添加1号电子
2019-05-17 16:36:11  [ main:38 ] - [ INFO ]  向1号轨道添加2号电子
2019-05-17 16:36:11  [ main:38 ] - [ INFO ]  向2号轨道添加3号电子
2019-05-17 16:36:11  [ main:38 ] - [ INFO ]  向2号轨道添加4号电子
2019-05-17 16:36:11  [ main:38 ] - [ INFO ]  向2号轨道添加5号电子
2019-05-17 16:36:11  [ main:39 ] - [ INFO ]  向2号轨道添加6号电子
2019-05-17 16:36:11  [ main:39 ] - [ INFO ]  向2号轨道添加7号电子
2019-05-17 16:36:11  [ main:39 ] - [ INFO ]  向2号轨道添加8号电子
2019-05-17 16:36:11  [ main:39 ] - [ INFO ]  向2号轨道添加9号电子
2019-05-17 16:36:11  [ main:39 ] - [ INFO ]  向2号轨道添加10号电子
2019-05-17 16:36:11  [ main:39 ] - [ INFO ]  向3号轨道添加11号电子
2019-05-17 16:36:11  [ main:39 ] - [ INFO ]  向3号轨道添加12号电子
2019-05-17 16:36:11  [ main:39 ] - [ INFO ]  向3号轨道添加13号电子
2019-05-17 16:36:11  [ main:39 ] - [ INFO ]  向3号轨道添加14号电子
2019-05-17 16:36:11  [ main:39 ] - [ INFO ]  向3号轨道添加15号电子
2019-05-17 16:36:11  [ main:39 ] - [ INFO ]  向3号轨道添加16号电子
2019-05-17 16:36:11  [ main:39 ] - [ INFO ]  向3号轨道添加17号电子
2019-05-17 16:36:11  [ main:39 ] - [ INFO ]  向3号轨道添加18号电子
2019-05-17 16:36:11  [ main:39 ] - [ INFO ]  向3号轨道添加19号电子
2019-05-17 16:36:11  [ main:39 ] - [ INFO ]  向3号轨道添加20号电子
2019-05-17 16:36:11  [ main:39 ] - [ INFO ]  向3号轨道添加21号电子
2019-05-17 16:36:11  [ main:39 ] - [ INFO ]  向3号轨道添加22号电子
2019-05-17 16:36:11  [ main:39 ] - [ INFO ]  向3号轨道添加23号电子
2019-05-17 16:36:11  [ main:39 ] - [ INFO ]  向3号轨道添加24号电子
2019-05-17 16:36:11  [ main:39 ] - [ INFO ]  向3号轨道添加25号电子
2019-05-17 16:36:11  [ main:39 ] - [ INFO ]  向3号轨道添加26号电子
2019-05-17 16:36:11  [ main:40 ] - [ INFO ]  向3号轨道添加27号电子
2019-05-17 16:36:11  [ main:40 ] - [ INFO ]  向3号轨道添加28号电子
2019-05-17 16:36:11  [ main:40 ] - [ INFO ]  向4号轨道添加29号电子
2019-05-17 16:36:11  [ main:40 ] - [ INFO ]  向4号轨道添加30号电子
2019-05-17 16:36:11  [ main:40 ] - [ INFO ]  向4号轨道添加31号电子
2019-05-17 16:36:11  [ main:40 ] - [ INFO ]  向4号轨道添加32号电子
2019-05-17 16:36:11  [ main:40 ] - [ INFO ]  向4号轨道添加33号电子
2019-05-17 16:36:11  [ main:40 ] - [ INFO ]  向4号轨道添加34号电子
2019-05-17 16:36:11  [ main:40 ] - [ INFO ]  向4号轨道添加35号电子
2019-05-17 16:36:11  [ main:40 ] - [ INFO ]  向4号轨道添加36号电子
2019-05-17 16:36:11  [ main:40 ] - [ INFO ]  向5号轨道添加37号电子
2019-05-17 16:36:11  [ main:41 ] - [ INFO ]  存档
2019-05-17 16:36:11  [ main:109 ] - [ INFO ]  将2号轨道上电子转移至3轨道
2019-05-17 16:36:11  [ main:109 ] - [ INFO ]  将3号电子转移到3号轨道上
2019-05-17 16:36:11  [ main:109 ] - [ INFO ]  将4号电子转移到3号轨道上
2019-05-17 16:36:11  [ main:109 ] - [ INFO ]  将5号电子转移到3号轨道上
2019-05-17 16:36:11  [ main:109 ] - [ INFO ]  将6号电子转移到3号轨道上
2019-05-17 16:36:11  [ main:109 ] - [ INFO ]  将7号电子转移到3号轨道上
2019-05-17 16:36:11  [ main:109 ] - [ INFO ]  将8号电子转移到3号轨道上
2019-05-17 16:36:11  [ main:109 ] - [ INFO ]  将9号电子转移到3号轨道上
2019-05-17 16:36:11  [ main:109 ] - [ INFO ]  将10号电子转移到3号轨道上
2019-05-17 16:36:11  [ main:109 ] - [ INFO ]  增加6号轨道
2019-05-17 16:36:11  [ main:109 ] - [ INFO ]  删除6号轨道
2019-05-17 16:36:11  [ main:112 ] - [ INFO ]  读档
2019-05-17 16:36:11  [ main:114 ] - [ INFO ]  读取src\circularOrbit\test\AtomicStructure.txt文件
2019-05-17 16:36:11  [ main:115 ] - [ INFO ]  向1号轨道添加1号电子
2019-05-17 16:36:11  [ main:115 ] - [ INFO ]  向1号轨道添加2号电子
2019-05-17 16:36:11  [ main:115 ] - [ INFO ]  向2号轨道添加3号电子
2019-05-17 16:36:11  [ main:115 ] - [ INFO ]  向2号轨道添加4号电子
2019-05-17 16:36:11  [ main:115 ] - [ INFO ]  向2号轨道添加5号电子
2019-05-17 16:36:11  [ main:115 ] - [ INFO ]  向2号轨道添加6号电子
2019-05-17 16:36:11  [ main:115 ] - [ INFO ]  向2号轨道添加7号电子
2019-05-17 16:36:11  [ main:115 ] - [ INFO ]  向2号轨道添加8号电子
2019-05-17 16:36:11  [ main:115 ] - [ INFO ]  向2号轨道添加9号电子
2019-05-17 16:36:11  [ main:115 ] - [ INFO ]  向2号轨道添加10号电子
2019-05-17 16:36:11  [ main:115 ] - [ INFO ]  向3号轨道添加11号电子
2019-05-17 16:36:11  [ main:115 ] - [ INFO ]  向3号轨道添加12号电子
2019-05-17 16:36:11  [ main:115 ] - [ INFO ]  向3号轨道添加13号电子
2019-05-17 16:36:11  [ main:115 ] - [ INFO ]  向3号轨道添加14号电子
2019-05-17 16:36:11  [ main:116 ] - [ INFO ]  向3号轨道添加15号电子
2019-05-17 16:36:11  [ main:116 ] - [ INFO ]  向3号轨道添加16号电子
2019-05-17 16:36:11  [ main:116 ] - [ INFO ]  向3号轨道添加17号电子
2019-05-17 16:36:11  [ main:116 ] - [ INFO ]  向3号轨道添加18号电子
2019-05-17 16:36:11  [ main:116 ] - [ INFO ]  向3号轨道添加19号电子
2019-05-17 16:36:11  [ main:116 ] - [ INFO ]  向3号轨道添加20号电子
2019-05-17 16:36:11  [ main:116 ] - [ INFO ]  向3号轨道添加21号电子
2019-05-17 16:36:11  [ main:116 ] - [ INFO ]  向3号轨道添加22号电子
2019-05-17 16:36:11  [ main:116 ] - [ INFO ]  向3号轨道添加23号电子
2019-05-17 16:36:11  [ main:116 ] - [ INFO ]  向3号轨道添加24号电子
2019-05-17 16:36:11  [ main:116 ] - [ INFO ]  向3号轨道添加25号电子
2019-05-17 16:36:11  [ main:116 ] - [ INFO ]  向3号轨道添加26号电子
2019-05-17 16:36:11  [ main:116 ] - [ INFO ]  向3号轨道添加27号电子
2019-05-17 16:36:11  [ main:116 ] - [ INFO ]  向3号轨道添加28号电子
2019-05-17 16:36:11  [ main:116 ] - [ INFO ]  向4号轨道添加29号电子
2019-05-17 16:36:11  [ main:116 ] - [ INFO ]  向4号轨道添加30号电子
2019-05-17 16:36:11  [ main:116 ] - [ INFO ]  向4号轨道添加31号电子
2019-05-17 16:36:11  [ main:116 ] - [ INFO ]  向4号轨道添加32号电子
2019-05-17 16:36:11  [ main:116 ] - [ INFO ]  向4号轨道添加33号电子
2019-05-17 16:36:11  [ main:116 ] - [ INFO ]  向4号轨道添加34号电子
2019-05-17 16:36:11  [ main:116 ] - [ INFO ]  向4号轨道添加35号电子
2019-05-17 16:36:11  [ main:116 ] - [ INFO ]  向4号轨道添加36号电子
2019-05-17 16:36:11  [ main:117 ] - [ INFO ]  向5号轨道添加37号电子
2019-05-17 16:36:11  [ main:117 ] - [ INFO ]  增加1号轨道
2019-05-17 16:36:11  [ main:117 ] - [ INFO ]  读取src\circularOrbit\test\AtomicStructure.txt文件
2019-05-17 16:36:11  [ main:117 ] - [ INFO ]  向1号轨道添加1号电子
2019-05-17 16:36:11  [ main:117 ] - [ INFO ]  向1号轨道添加2号电子
2019-05-17 16:36:11  [ main:118 ] - [ INFO ]  向2号轨道添加3号电子
2019-05-17 16:36:11  [ main:118 ] - [ INFO ]  向2号轨道添加4号电子
2019-05-17 16:36:11  [ main:118 ] - [ INFO ]  向2号轨道添加5号电子
2019-05-17 16:36:11  [ main:118 ] - [ INFO ]  向2号轨道添加6号电子
2019-05-17 16:36:11  [ main:118 ] - [ INFO ]  向2号轨道添加7号电子
2019-05-17 16:36:11  [ main:118 ] - [ INFO ]  向2号轨道添加8号电子
2019-05-17 16:36:11  [ main:118 ] - [ INFO ]  向2号轨道添加9号电子
2019-05-17 16:36:11  [ main:118 ] - [ INFO ]  向2号轨道添加10号电子
2019-05-17 16:36:11  [ main:118 ] - [ INFO ]  向3号轨道添加11号电子
2019-05-17 16:36:11  [ main:118 ] - [ INFO ]  向3号轨道添加12号电子
2019-05-17 16:36:11  [ main:118 ] - [ INFO ]  向3号轨道添加13号电子
2019-05-17 16:36:11  [ main:118 ] - [ INFO ]  向3号轨道添加14号电子
2019-05-17 16:36:11  [ main:118 ] - [ INFO ]  向3号轨道添加15号电子
2019-05-17 16:36:11  [ main:118 ] - [ INFO ]  向3号轨道添加16号电子
2019-05-17 16:36:11  [ main:118 ] - [ INFO ]  向3号轨道添加17号电子
2019-05-17 16:36:11  [ main:118 ] - [ INFO ]  向3号轨道添加18号电子
2019-05-17 16:36:11  [ main:118 ] - [ INFO ]  向3号轨道添加19号电子
2019-05-17 16:36:11  [ main:118 ] - [ INFO ]  向3号轨道添加20号电子
2019-05-17 16:36:11  [ main:118 ] - [ INFO ]  向3号轨道添加21号电子
2019-05-17 16:36:11  [ main:118 ] - [ INFO ]  向3号轨道添加22号电子
2019-05-17 16:36:11  [ main:118 ] - [ INFO ]  向3号轨道添加23号电子
2019-05-17 16:36:11  [ main:118 ] - [ INFO ]  向3号轨道添加24号电子
2019-05-17 16:36:11  [ main:119 ] - [ INFO ]  向3号轨道添加25号电子
2019-05-17 16:36:11  [ main:119 ] - [ INFO ]  向3号轨道添加26号电子
2019-05-17 16:36:11  [ main:119 ] - [ INFO ]  向3号轨道添加27号电子
2019-05-17 16:36:11  [ main:119 ] - [ INFO ]  向3号轨道添加28号电子
2019-05-17 16:36:11  [ main:119 ] - [ INFO ]  向4号轨道添加29号电子
2019-05-17 16:36:11  [ main:119 ] - [ INFO ]  向4号轨道添加30号电子
2019-05-17 16:36:11  [ main:119 ] - [ INFO ]  向4号轨道添加31号电子
2019-05-17 16:36:11  [ main:119 ] - [ INFO ]  向4号轨道添加32号电子
2019-05-17 16:36:11  [ main:119 ] - [ INFO ]  向4号轨道添加33号电子
2019-05-17 16:36:11  [ main:119 ] - [ INFO ]  向4号轨道添加34号电子
2019-05-17 16:36:11  [ main:119 ] - [ INFO ]  向4号轨道添加35号电子
2019-05-17 16:36:11  [ main:119 ] - [ INFO ]  向4号轨道添加36号电子
2019-05-17 16:36:11  [ main:119 ] - [ INFO ]  向5号轨道添加37号电子
2019-05-17 16:36:11  [ main:119 ] - [ INFO ]  删除10号轨道
2019-05-17 16:36:11  [ main:120 ] - [ INFO ]  读取src\circularOrbit\test\SocialNetworkCircleAge.txt文件
2019-05-17 16:36:11  [ main:120 ] - [ INFO ]  构造轨道系统
2019-05-17 16:36:11  [ main:122 ] - [ INFO ]  读取src\circularOrbit\test\SocialNetworkCircle.txt文件
2019-05-17 16:36:11  [ main:122 ] - [ INFO ]  构造轨道系统
2019-05-17 16:36:11  [ main:125 ] - [ INFO ]  增加TomWong, asdf社会关系
2019-05-17 16:36:11  [ main:126 ] - [ INFO ]  读取src\circularOrbit\test\SocialNetworkCircleCentralAge.txt文件
2019-05-17 16:36:11  [ main:126 ] - [ INFO ]  构造轨道系统
2019-05-17 16:36:11  [ main:126 ] - [ INFO ]  读取src\circularOrbit\test\SocialNetworkCircleCentralGender.txt文件
2019-05-17 16:36:11  [ main:126 ] - [ INFO ]  构造轨道系统
2019-05-17 16:36:11  [ main:127 ] - [ INFO ]  读取src\circularOrbit\test\SocialNetworkCircleDecimal.txt文件
2019-05-17 16:36:11  [ main:127 ] - [ INFO ]  构造轨道系统
2019-05-17 16:36:11  [ main:128 ] - [ INFO ]  读取src\circularOrbit\test\SocialNetworkCircleGender.txt文件
2019-05-17 16:36:11  [ main:128 ] - [ INFO ]  构造轨道系统
2019-05-17 16:36:11  [ main:129 ] - [ INFO ]  读取src\circularOrbit\test\SocialNetworkCircleRel.txt文件
2019-05-17 16:36:11  [ main:129 ] - [ INFO ]  构造轨道系统
2019-05-17 16:36:11  [ main:129 ] - [ INFO ]  读取src\circularOrbit\test\SocialNetworkCircleTieSame.txt文件
2019-05-17 16:36:11  [ main:129 ] - [ INFO ]  构造轨道系统
2019-05-17 16:36:11  [ main:130 ] - [ INFO ]  读取src\circularOrbit\test\SocialNetworkCircle.txt文件
2019-05-17 16:36:11  [ main:130 ] - [ INFO ]  构造轨道系统
2019-05-17 16:36:11  [ main:132 ] - [ INFO ]  计算DavidChen信息扩散度
2019-05-17 16:36:11  [ main:132 ] - [ INFO ]  计算DavidChen, TomWong距离
2019-05-17 16:36:11  [ main:133 ] - [ INFO ]  删除FrankLee, TomWong社会关系
2019-05-17 16:36:11  [ main:133 ] - [ INFO ]  删除FrankLee, DavidChen社会关系
2019-05-17 16:36:11  [ main:133 ] - [ INFO ]  增加FrankLee, PonyMa社会关系
2019-05-17 16:36:11  [ main:133 ] - [ INFO ]  删除JackMa, PonyMa社会关系
2019-05-17 16:36:11  [ main:134 ] - [ INFO ]  增加Lzy
2019-05-17 16:36:11  [ main:134 ] - [ INFO ]  增加Lc
2019-05-17 16:36:11  [ main:134 ] - [ INFO ]  增加Lzy, Lc社会关系
2019-05-17 16:36:11  [ main:134 ] - [ INFO ]  增加Lzy, TomWong社会关系
2019-05-17 16:36:11  [ main:134 ] - [ INFO ]  读取src\circularOrbit\test\SocialNetworkCircle.txt文件
2019-05-17 16:36:11  [ main:134 ] - [ INFO ]  构造轨道系统
2019-05-17 16:36:11  [ main:135 ] - [ INFO ]  计算asdf, LisaWong距离
2019-05-20 14:45:43  [ main:0 ] - [ INFO ]  读取src\circularOrbit\test\SocialNetworkCircleDecimal.txt文件
2019-05-20 14:45:43  [ main:26 ] - [ INFO ]  构造轨道系统
2019-05-20 14:45:43  [ main:29 ] - [ ERROR ]  输入数据小数点有误
2019-05-20 14:45:43  [ main:45 ] - [ INFO ]  读取src\circularOrbit\test\SocialNetworkCircle_Medium.txt文件
2019-05-20 14:45:43  [ main:45 ] - [ INFO ]  构造轨道系统
2019-05-20 14:45:44  [ main:1056 ] - [ INFO ]  计算DavidChen信息扩散度
2019-05-20 14:45:54  [ main:0 ] - [ INFO ]  读取src\circularOrbit\test\SocialNetworkCircleDecimal.txt文件
2019-05-20 14:45:54  [ main:1 ] - [ INFO ]  构造轨道系统
2019-05-20 14:45:54  [ main:5 ] - [ ERROR ]  输入数据小数点有误
2019-05-20 14:45:54  [ main:5 ] - [ INFO ]  读取src\circularOrbit\test\SocialNetworkCircle_Medium.txt文件
2019-05-20 14:45:54  [ main:5 ] - [ INFO ]  构造轨道系统
2019-05-21 12:50:40  [ main:0 ] - [ INFO ]  读取src\circularOrbit\test\SocialNetworkCircleDecimal.txt文件
2019-05-21 12:50:40  [ main:15 ] - [ INFO ]  构造轨道系统
2019-05-21 12:50:40  [ main:20 ] - [ ERROR ]  输入数据小数点有误
2019-05-21 12:50:40  [ main:35 ] - [ INFO ]  读取src\circularOrbit\test\SocialNetworkCircle_Medium.txt文件
2019-05-21 12:50:40  [ main:35 ] - [ INFO ]  构造轨道系统
2019-05-21 18:07:51  [ AWT-EventQueue-0:0 ] - [ INFO ]  选择TrackGame应用
2019-05-21 18:07:54  [ AWT-EventQueue-0:3460 ] - [ INFO ]  读取src\circularOrbit\test\Tasdf.txt文件
2019-05-21 18:07:54  [ AWT-EventQueue-0:3461 ] - [ ERROR ]  输入文件不存在
2019-05-21 18:07:58  [ AWT-EventQueue-0:7845 ] - [ INFO ]  读取src\circularOrbit\test\TrackGame.txt文件
2019-05-21 18:07:58  [ AWT-EventQueue-0:7853 ] - [ INFO ]  向3号轨道添加运动员：Ronaldo
2019-05-21 18:07:58  [ AWT-EventQueue-0:7853 ] - [ INFO ]  向2号轨道添加运动员：Trump
2019-05-21 18:07:58  [ AWT-EventQueue-0:7853 ] - [ INFO ]  向4号轨道添加运动员：Obama
2019-05-21 18:07:58  [ AWT-EventQueue-0:7853 ] - [ INFO ]  向1号轨道添加运动员：Cliton
2019-05-21 18:07:58  [ AWT-EventQueue-0:7853 ] - [ INFO ]  向5号轨道添加运动员：Chistropher
2019-05-21 18:07:58  [ AWT-EventQueue-0:7853 ] - [ INFO ]  向3号轨道添加运动员：Bolt
2019-05-21 18:07:58  [ AWT-EventQueue-0:7853 ] - [ INFO ]  向2号轨道添加运动员：Wei
2019-05-21 18:07:58  [ AWT-EventQueue-0:7853 ] - [ INFO ]  向4号轨道添加运动员：Lewis
2019-05-21 18:07:58  [ AWT-EventQueue-0:7853 ] - [ INFO ]  向1号轨道添加运动员：Park
2019-05-21 18:07:58  [ AWT-EventQueue-0:7853 ] - [ INFO ]  向5号轨道添加运动员：Peter
2019-05-21 18:07:58  [ AWT-EventQueue-0:7853 ] - [ INFO ]  向3号轨道添加运动员：Chen
2019-05-21 18:07:58  [ AWT-EventQueue-0:7853 ] - [ INFO ]  向2号轨道添加运动员：Tommy
2019-05-21 18:07:58  [ AWT-EventQueue-0:7853 ] - [ INFO ]  向4号轨道添加运动员：Coal
