2019-05-15 16:55:57  [ AWT-EventQueue-0:1 ] - [ ERROR ]  输入文件不存在
2019-05-15 16:56:08  [ AWT-EventQueue-0:11265 ] - [ ERROR ]  输入轨道数不匹配(依赖关系错误)
2019-05-15 16:59:34  [ AWT-EventQueue-0:1 ] - [ ERROR ]  输入轨道数不匹配(依赖关系错误)
2019-05-15 16:59:40  [ AWT-EventQueue-0:5225 ] - [ ERROR ]  轨道数不应为0
2019-05-15 16:59:48  [ AWT-EventQueue-0:13202 ] - [ ERROR ]  元素名长度错误
2019-05-15 17:00:20  [ AWT-EventQueue-0:1 ] - [ ERROR ]  输入文件不存在
2019-05-15 17:00:24  [ AWT-EventQueue-0:4464 ] - [ ERROR ]  依赖关系错误
2019-05-15 17:00:31  [ AWT-EventQueue-0:11550 ] - [ ERROR ]  依赖关系错误
2019-05-15 17:01:07  [ main:1 ] - [ ERROR ]  输入名字顺序有误
2019-05-15 17:01:20  [ main:4 ] - [ ERROR ]  依赖关系错误
2019-05-15 17:01:27  [ main:3 ] - [ ERROR ]  依赖关系错误
2019-05-15 17:01:35  [ main:4 ] - [ ERROR ]  依赖关系错误
2019-05-15 17:02:53  [ AWT-EventQueue-0:1 ] - [ ERROR ]  输入文件不存在
2019-05-15 17:03:06  [ AWT-EventQueue-0:12691 ] - [ ERROR ]  依赖关系错误
2019-05-15 17:03:11  [ AWT-EventQueue-0:17439 ] - [ ERROR ]  轨道物体性别输入错误
2019-05-15 17:06:13  [ AWT-EventQueue-0:1 ] - [ ERROR ]  输入文件不存在
2019-05-15 17:06:19  [ AWT-EventQueue-0:6407 ] - [ ERROR ]  输入文件不存在
2019-05-15 17:06:27  [ AWT-EventQueue-0:14151 ] - [ ERROR ]  输入名字顺序有误
2019-05-15 17:08:16  [ AWT-EventQueue-0:1 ] - [ ERROR ]  输入文件不存在
2019-05-15 17:08:26  [ AWT-EventQueue-0:10249 ] - [ ERROR ]  输入数据数量有误
2019-05-15 17:09:16  [ AWT-EventQueue-0:1 ] - [ ERROR ]  输入文件不存在
2019-05-15 17:09:23  [ AWT-EventQueue-0:7509 ] - [ ERROR ]  输入小数点位数有误
2019-05-15 17:12:22  [ main:4 ] - [ ERROR ]  输入数据小数点有误
2019-05-15 22:00:09  [ AWT-EventQueue-0:5200 ] - [ ERROR ]  新增运动员输入错误
2019-05-15 22:00:15  [ AWT-EventQueue-0:10742 ] - [ ERROR ]  删除轨道输入错误
2019-05-15 22:00:18  [ AWT-EventQueue-0:14109 ] - [ ERROR ]  新增轨道输入错误
2019-05-15 22:00:32  [ AWT-EventQueue-0:27865 ] - [ ERROR ]  添加运动员输入信息错误
2019-05-15 22:00:36  [ AWT-EventQueue-0:31827 ] - [ ERROR ]  删除运动员输入信息错误
2019-05-16 17:08:35  [ AWT-EventQueue-0:14320 ] - [ ERROR ]  新增运动员输入错误
2019-05-17 16:11:04  [ main:2 ] - [ ERROR ]  输入名字顺序有误
