1 has been waiting on the right for 0s.
2 has been waiting on the right for 0s.
3 has been waiting on the right for 0s.
1 has been waiting on the right for 1s.
3 is on the 1th rung at the 8th ladder. R->L 1s.
2 is on the 2th rung at the 5th ladder. R->L 1s.
1 has been waiting on the right for 2s.
3 is on the 1th rung at the 6th ladder. R->L 2s.
2 passed the ladder in 2s.
4 has been waiting on the right for 0s.
5 has been waiting on the left for 0s.
3 is on the 1th rung at the 4th ladder. R->L 3s.
1 is on the 2th rung at the 7th ladder. R->L 3s.
4 is on the 1th rung at the 9th ladder. R->L 1s.
5 has been waiting on the left for 1s.
3 is on the 1th rung at the 2th ladder. R->L 4s.
1 is on the 2th rung at the 4th ladder. R->L 4s.
5 has been waiting on the left for 2s.
4 is on the 1th rung at the 8th ladder. R->L 2s.
3 passed the ladder in 5s.
1 is on the 2th rung at the 1th ladder. R->L 5s.
5 has been waiting on the left for 3s.
4 is on the 1th rung at the 7th ladder. R->L 3s.
1 passed the ladder in 6s.
4 is on the 1th rung at the 6th ladder. R->L 4s.
5 is on the 2th rung at the 6th ladder. L->R 4s.
5 passed the ladder in 5s.
4 is on the 1th rung at the 5th ladder. R->L 5s.
4 is on the 1th rung at the 4th ladder. R->L 6s.
4 is on the 1th rung at the 3th ladder. R->L 7s.
4 is on the 1th rung at the 2th ladder. R->L 8s.
4 is on the 1th rung at the 1th ladder. R->L 9s.
4 passed the ladder in 10s.
吞吐率0.17857142857142858
公平性0.8